TN:
SF:server.js
FN:34,(anonymous_0)
FN:38,(anonymous_1)
FN:63,(anonymous_2)
FN:82,(anonymous_3)
FN:91,(anonymous_4)
FNF:5
FNH:1
FNDA:0,(anonymous_0)
FNDA:0,(anonymous_1)
FNDA:0,(anonymous_2)
FNDA:1,(anonymous_3)
FNDA:0,(anonymous_4)
DA:1,1
DA:2,1
DA:3,1
DA:4,1
DA:5,1
DA:6,1
DA:7,1
DA:8,1
DA:10,1
DA:11,1
DA:14,1
DA:17,1
DA:23,1
DA:25,1
DA:28,1
DA:29,1
DA:32,1
DA:34,1
DA:35,0
DA:38,0
DA:39,0
DA:45,0
DA:46,0
DA:50,0
DA:56,0
DA:59,0
DA:63,0
DA:64,0
DA:65,0
DA:66,0
DA:71,1
DA:74,1
DA:82,1
DA:83,1
DA:87,1
DA:90,1
DA:91,0
DA:92,0
DA:93,0
LF:39
LH:24
BRDA:45,0,0,0
BRDA:45,0,1,0
BRDA:64,1,0,0
BRDA:64,1,1,0
BRDA:90,2,0,0
BRDA:90,2,1,1
BRDA:93,3,0,0
BRDA:93,3,1,0
BRF:8
BRH:1
end_of_record
TN:
SF:config\default.js
FNF:0
FNH:0
DA:1,2
LF:1
LH:1
BRDA:3,0,0,2
BRDA:3,0,1,2
BRF:2
BRH:2
end_of_record
TN:
SF:config\development.js
FNF:0
FNH:0
DA:1,2
LF:1
LH:1
BRDA:3,0,0,2
BRDA:3,0,1,2
BRF:2
BRH:2
end_of_record
TN:
SF:config\index.js
FN:12,(anonymous_0)
FN:13,(anonymous_1)
FN:19,(anonymous_2)
FN:45,(anonymous_3)
FN:46,(anonymous_4)
FNF:5
FNH:5
FNDA:18,(anonymous_0)
FNDA:100,(anonymous_1)
FNDA:54,(anonymous_2)
FNDA:16,(anonymous_3)
FNDA:44,(anonymous_4)
DA:1,2
DA:2,2
DA:3,2
DA:4,2
DA:7,2
DA:9,2
DA:12,2
DA:13,100
DA:15,18
DA:16,0
DA:19,18
DA:20,54
DA:21,54
DA:23,54
DA:24,4
DA:25,50
DA:26,14
DA:28,36
DA:32,18
DA:36,2
DA:39,2
DA:45,2
DA:46,16
DA:47,44
DA:48,44
DA:49,14
DA:50,30
DA:51,0
DA:53,0
DA:54,0
DA:55,0
DA:60,2
DA:62,2
LF:33
LH:28
BRDA:9,0,0,2
BRDA:9,0,1,0
BRDA:13,1,0,100
BRDA:13,1,1,90
BRDA:15,2,0,0
BRDA:15,2,1,18
BRDA:15,3,0,18
BRDA:15,3,1,18
BRDA:23,4,0,4
BRDA:23,4,1,50
BRDA:23,5,0,54
BRDA:23,5,1,4
BRDA:25,6,0,14
BRDA:25,6,1,36
BRDA:25,7,0,50
BRDA:25,7,1,14
BRDA:36,8,0,0
BRDA:36,8,1,2
BRDA:45,9,0,2
BRDA:47,10,0,34
BRDA:47,10,1,10
BRDA:48,11,0,14
BRDA:48,11,1,30
BRDA:48,12,0,44
BRDA:48,12,1,18
BRDA:50,13,0,0
BRDA:50,13,1,30
BRDA:53,14,0,0
BRDA:53,14,1,0
BRDA:54,15,0,0
BRDA:54,15,1,0
BRDA:55,16,0,0
BRDA:55,16,1,0
BRF:33
BRH:23
end_of_record
TN:
SF:config\production.js
FNF:0
FNH:0
DA:1,2
LF:1
LH:1
BRDA:3,0,0,2
BRDA:3,0,1,2
BRDA:13,1,0,2
BRDA:13,1,1,2
BRF:4
BRH:4
end_of_record
